  [1m[35m (283.6ms)[0m  [1m[35mCREATE DATABASE "RedditClone_development" ENCODING = 'unicode'[0m
  ↳ bin/rails:9
  [1m[35m (47.4ms)[0m  [1m[35mCREATE DATABASE "RedditClone_test" ENCODING = 'unicode'[0m
  ↳ bin/rails:9
  [1m[35m (8.6ms)[0m  [1m[35mCREATE TABLE "schema_migrations" ("version" character varying NOT NULL PRIMARY KEY)[0m
  ↳ bin/rails:9
  [1m[35m (5.0ms)[0m  [1m[35mCREATE TABLE "ar_internal_metadata" ("key" character varying NOT NULL PRIMARY KEY, "value" character varying, "created_at" timestamp NOT NULL, "updated_at" timestamp NOT NULL)[0m
  ↳ bin/rails:9
  [1m[35m (0.2ms)[0m  [1m[34mSELECT pg_try_advisory_lock(6711173107426626090)[0m
  ↳ bin/rails:9
  [1m[35m (0.6ms)[0m  [1m[34mSELECT "schema_migrations"."version" FROM "schema_migrations" ORDER BY "schema_migrations"."version" ASC[0m
  ↳ bin/rails:9
Migrating to CreateUsers (20220711195611)
  [1m[35m (0.1ms)[0m  [1m[35mBEGIN[0m
  ↳ bin/rails:9
  [1m[35m (4.8ms)[0m  [1m[35mCREATE TABLE "users" ("id" bigserial primary key, "username" character varying NOT NULL, "session_token" character varying NOT NULL, "password_digest" character varying NOT NULL, "created_at" timestamp NOT NULL, "updated_at" timestamp NOT NULL)[0m
  ↳ db/migrate/20220711195611_create_users.rb:3
  [1m[35m (1.0ms)[0m  [1m[35mCREATE UNIQUE INDEX  "index_users_on_username" ON "users"  ("username")[0m
  ↳ db/migrate/20220711195611_create_users.rb:10
  [1m[35m (1.7ms)[0m  [1m[35mCREATE UNIQUE INDEX  "index_users_on_session_token" ON "users"  ("session_token")[0m
  ↳ db/migrate/20220711195611_create_users.rb:11
  [1m[36mActiveRecord::SchemaMigration Create (0.3ms)[0m  [1m[32mINSERT INTO "schema_migrations" ("version") VALUES ($1) RETURNING "version"[0m  [["version", "20220711195611"]]
  ↳ bin/rails:9
  [1m[35m (0.3ms)[0m  [1m[35mCOMMIT[0m
  ↳ bin/rails:9
  [1m[36mActiveRecord::InternalMetadata Load (0.3ms)[0m  [1m[34mSELECT  "ar_internal_metadata".* FROM "ar_internal_metadata" WHERE "ar_internal_metadata"."key" = $1 LIMIT $2[0m  [["key", "environment"], ["LIMIT", 1]]
  ↳ bin/rails:9
  [1m[35m (0.2ms)[0m  [1m[35mBEGIN[0m
  ↳ bin/rails:9
  [1m[36mActiveRecord::InternalMetadata Create (0.6ms)[0m  [1m[32mINSERT INTO "ar_internal_metadata" ("key", "value", "created_at", "updated_at") VALUES ($1, $2, $3, $4) RETURNING "key"[0m  [["key", "environment"], ["value", "development"], ["created_at", "2022-07-11 20:00:11.828552"], ["updated_at", "2022-07-11 20:00:11.828552"]]
  ↳ bin/rails:9
  [1m[35m (0.7ms)[0m  [1m[35mCOMMIT[0m
  ↳ bin/rails:9
  [1m[35m (0.2ms)[0m  [1m[34mSELECT pg_advisory_unlock(6711173107426626090)[0m
  ↳ bin/rails:9
  [1m[35m (0.2ms)[0m  [1m[34mSELECT "schema_migrations"."version" FROM "schema_migrations" ORDER BY "schema_migrations"."version" ASC[0m
  ↳ bin/rails:9
Started GET "/" for ::1 at 2022-07-11 16:20:40 -0400
  [1m[35m (0.9ms)[0m  [1m[34mSELECT "schema_migrations"."version" FROM "schema_migrations" ORDER BY "schema_migrations"."version" ASC[0m
  ↳ /Users/torbenginsberg/.rbenv/versions/2.5.1/lib/ruby/gems/2.5.0/gems/activerecord-5.2.8/lib/active_record/log_subscriber.rb:98
Processing by Rails::WelcomeController#index as HTML
  Rendering /Users/torbenginsberg/.rbenv/versions/2.5.1/lib/ruby/gems/2.5.0/gems/railties-5.2.8/lib/rails/templates/rails/welcome/index.html.erb
  Rendered /Users/torbenginsberg/.rbenv/versions/2.5.1/lib/ruby/gems/2.5.0/gems/railties-5.2.8/lib/rails/templates/rails/welcome/index.html.erb (2.2ms)
Completed 200 OK in 8ms (Views: 5.2ms | ActiveRecord: 0.0ms)


Started GET "/users/new" for ::1 at 2022-07-11 16:20:44 -0400
Processing by UsersController#new as HTML
  Rendering users/new.html.erb within layouts/application
  Rendered users/new.html.erb within layouts/application (0.5ms)
Completed 200 OK in 381ms (Views: 368.4ms | ActiveRecord: 4.2ms)


Started GET "/users/new" for ::1 at 2022-07-11 16:21:02 -0400
Processing by UsersController#new as HTML
  Rendering users/new.html.erb within layouts/application
  Rendered users/new.html.erb within layouts/application (0.4ms)
Completed 200 OK in 15ms (Views: 14.4ms | ActiveRecord: 0.0ms)


Started GET "/session/new" for ::1 at 2022-07-11 16:26:18 -0400
Processing by SessionsController#new as HTML
  Rendering sessions/new.html.erb within layouts/application
  Rendered sessions/new.html.erb within layouts/application (4.2ms)
Completed 500 Internal Server Error in 8ms (ActiveRecord: 0.0ms)



NoMethodError - undefined method `username' for nil:NilClass:
  app/views/sessions/new.html.erb:4:in `_app_views_sessions_new_html_erb__4038129360473426057_2858872980'
  app/controllers/sessions_controller.rb:5:in `new'

Started POST "/__better_errors/5c8117123aa03b7f/variables" for ::1 at 2022-07-11 16:26:18 -0400
Started GET "/session/new" for ::1 at 2022-07-11 16:26:47 -0400
Processing by SessionsController#new as HTML
  Rendering sessions/new.html.erb within layouts/application
  Rendered sessions/new.html.erb within layouts/application (0.6ms)
Completed 200 OK in 20ms (Views: 19.3ms | ActiveRecord: 0.0ms)


  [1m[35m (0.2ms)[0m  [1m[34mSELECT pg_try_advisory_lock(6711173107426626090)[0m
  ↳ bin/rails:9
  [1m[35m (0.8ms)[0m  [1m[34mSELECT "schema_migrations"."version" FROM "schema_migrations" ORDER BY "schema_migrations"."version" ASC[0m
  ↳ bin/rails:9
Migrating to CreateSubs (20220711202803)
  [1m[35m (0.1ms)[0m  [1m[35mBEGIN[0m
  ↳ bin/rails:9
  [1m[35m (8.9ms)[0m  [1m[35mCREATE TABLE "subs" ("id" bigserial primary key, "title" character varying NOT NULL, "description" character varying NOT NULL, "user_id" integer NOT NULL, "created_at" timestamp NOT NULL, "updated_at" timestamp NOT NULL)[0m
  ↳ db/migrate/20220711202803_create_subs.rb:3
  [1m[35m (0.9ms)[0m  [1m[35mCREATE  INDEX  "index_subs_on_user_id" ON "subs"  ("user_id")[0m
  ↳ db/migrate/20220711202803_create_subs.rb:9
  [1m[36mActiveRecord::SchemaMigration Create (0.2ms)[0m  [1m[32mINSERT INTO "schema_migrations" ("version") VALUES ($1) RETURNING "version"[0m  [["version", "20220711202803"]]
  ↳ bin/rails:9
  [1m[35m (0.6ms)[0m  [1m[35mCOMMIT[0m
  ↳ bin/rails:9
  [1m[36mActiveRecord::InternalMetadata Load (0.5ms)[0m  [1m[34mSELECT  "ar_internal_metadata".* FROM "ar_internal_metadata" WHERE "ar_internal_metadata"."key" = $1 LIMIT $2[0m  [["key", "environment"], ["LIMIT", 1]]
  ↳ bin/rails:9
  [1m[35m (0.1ms)[0m  [1m[35mBEGIN[0m
  ↳ bin/rails:9
  [1m[35m (0.1ms)[0m  [1m[35mCOMMIT[0m
  ↳ bin/rails:9
  [1m[35m (0.2ms)[0m  [1m[34mSELECT pg_advisory_unlock(6711173107426626090)[0m
  ↳ bin/rails:9
  [1m[35m (0.2ms)[0m  [1m[34mSELECT "schema_migrations"."version" FROM "schema_migrations" ORDER BY "schema_migrations"."version" ASC[0m
  ↳ bin/rails:9
Started GET "/sub/new" for ::1 at 2022-07-11 16:52:03 -0400
  [1m[35m (1.0ms)[0m  [1m[34mSELECT "schema_migrations"."version" FROM "schema_migrations" ORDER BY "schema_migrations"."version" ASC[0m
  ↳ /Users/torbenginsberg/.rbenv/versions/2.5.1/lib/ruby/gems/2.5.0/gems/activerecord-5.2.8/lib/active_record/log_subscriber.rb:98
  
ActionController::RoutingError (No route matches [GET] "/sub/new"):
  
actionpack (5.2.8) lib/action_dispatch/middleware/debug_exceptions.rb:65:in `call'
web-console (3.7.0) lib/web_console/middleware.rb:135:in `call_app'
web-console (3.7.0) lib/web_console/middleware.rb:30:in `block in call'
web-console (3.7.0) lib/web_console/middleware.rb:20:in `catch'
web-console (3.7.0) lib/web_console/middleware.rb:20:in `call'
actionpack (5.2.8) lib/action_dispatch/middleware/show_exceptions.rb:33:in `call'
railties (5.2.8) lib/rails/rack/logger.rb:38:in `call_app'
railties (5.2.8) lib/rails/rack/logger.rb:26:in `block in call'
activesupport (5.2.8) lib/active_support/tagged_logging.rb:71:in `block in tagged'
activesupport (5.2.8) lib/active_support/tagged_logging.rb:28:in `tagged'
activesupport (5.2.8) lib/active_support/tagged_logging.rb:71:in `tagged'
railties (5.2.8) lib/rails/rack/logger.rb:26:in `call'
sprockets-rails (3.4.2) lib/sprockets/rails/quiet_assets.rb:13:in `call'
actionpack (5.2.8) lib/action_dispatch/middleware/remote_ip.rb:81:in `call'
actionpack (5.2.8) lib/action_dispatch/middleware/request_id.rb:27:in `call'
rack (2.2.4) lib/rack/method_override.rb:24:in `call'
rack (2.2.4) lib/rack/runtime.rb:22:in `call'
activesupport (5.2.8) lib/active_support/cache/strategy/local_cache_middleware.rb:29:in `call'
actionpack (5.2.8) lib/action_dispatch/middleware/executor.rb:14:in `call'
actionpack (5.2.8) lib/action_dispatch/middleware/static.rb:127:in `call'
rack (2.2.4) lib/rack/sendfile.rb:110:in `call'
railties (5.2.8) lib/rails/engine.rb:524:in `call'
puma (3.12.6) lib/puma/configuration.rb:227:in `call'
puma (3.12.6) lib/puma/server.rb:706:in `handle_request'
puma (3.12.6) lib/puma/server.rb:476:in `process_client'
puma (3.12.6) lib/puma/server.rb:334:in `block in run'
puma (3.12.6) lib/puma/thread_pool.rb:135:in `block in spawn_thread'
Started GET "/subs/new" for ::1 at 2022-07-11 16:52:12 -0400
Processing by SubsController#new as HTML
  [1m[36mUser Load (4.8ms)[0m  [1m[34mSELECT  "users".* FROM "users" WHERE "users"."session_token" IS NULL LIMIT $1[0m  [["LIMIT", 1]]
  ↳ app/controllers/application_controller.rb:5
Redirected to http://localhost:3000/session/new
Filter chain halted as :require_logged_in rendered or redirected
Completed 302 Found in 19ms (ActiveRecord: 8.1ms)


Started GET "/session/new" for ::1 at 2022-07-11 16:52:12 -0400
Processing by SessionsController#new as HTML
  Rendering sessions/new.html.erb within layouts/application
  Rendered sessions/new.html.erb within layouts/application (0.6ms)
Completed 200 OK in 61ms (Views: 60.0ms | ActiveRecord: 0.0ms)


Started GET "/users/new" for ::1 at 2022-07-11 16:52:23 -0400
Processing by UsersController#new as HTML
  Rendering users/new.html.erb within layouts/application
  Rendered users/new.html.erb within layouts/application (0.6ms)
Completed 200 OK in 28ms (Views: 15.6ms | ActiveRecord: 3.1ms)


Started POST "/users" for ::1 at 2022-07-11 16:52:32 -0400
Processing by UsersController#create as HTML
  Parameters: {"authenticity_token"=>"mLfuTAfP1huUK0eGIkWVgB+bYP/BMmXiMSSoKK/pSDYoeFGwZmXxO7scllZ/ZNl2mpyrRMF6mgO7US0H1g7hmQ==", "user"=>{"username"=>"torben", "password"=>"[FILTERED]"}}
  [1m[35m (0.2ms)[0m  [1m[35mBEGIN[0m
  ↳ app/controllers/users_controller.rb:5
  [1m[36mUser Exists (1.3ms)[0m  [1m[34mSELECT  1 AS one FROM "users" WHERE "users"."username" = $1 LIMIT $2[0m  [["username", "torben"], ["LIMIT", 1]]
  ↳ app/controllers/users_controller.rb:5
  [1m[36mUser Exists (0.2ms)[0m  [1m[34mSELECT  1 AS one FROM "users" WHERE "users"."session_token" = $1 LIMIT $2[0m  [["session_token", "Ufgcec1NaQlecnvOkgEaGw"], ["LIMIT", 1]]
  ↳ app/controllers/users_controller.rb:5
  [1m[36mUser Create (1.3ms)[0m  [1m[32mINSERT INTO "users" ("username", "session_token", "password_digest", "created_at", "updated_at") VALUES ($1, $2, $3, $4, $5) RETURNING "id"[0m  [["username", "torben"], ["session_token", "Ufgcec1NaQlecnvOkgEaGw"], ["password_digest", "$2a$12$s5cG0ZnYvucIW7LSAbt3g.t85rfaUNFzhkDi8JgchkAxg6W9kH9km"], ["created_at", "2022-07-11 20:52:33.242978"], ["updated_at", "2022-07-11 20:52:33.242978"]]
  ↳ app/controllers/users_controller.rb:5
  [1m[35m (0.6ms)[0m  [1m[35mCOMMIT[0m
  ↳ app/controllers/users_controller.rb:5
  [1m[35m (0.1ms)[0m  [1m[35mBEGIN[0m
  ↳ app/models/user.rb:25
  [1m[36mUser Exists (0.2ms)[0m  [1m[34mSELECT  1 AS one FROM "users" WHERE "users"."username" = $1 AND "users"."id" != $2 LIMIT $3[0m  [["username", "torben"], ["id", 1], ["LIMIT", 1]]
  ↳ app/models/user.rb:25
  [1m[36mUser Exists (0.2ms)[0m  [1m[34mSELECT  1 AS one FROM "users" WHERE "users"."session_token" = $1 AND "users"."id" != $2 LIMIT $3[0m  [["session_token", "0BysP-7fJCj_wQmUkAdsHg"], ["id", 1], ["LIMIT", 1]]
  ↳ app/models/user.rb:25
  [1m[36mUser Update (0.2ms)[0m  [1m[33mUPDATE "users" SET "session_token" = $1, "updated_at" = $2 WHERE "users"."id" = $3[0m  [["session_token", "0BysP-7fJCj_wQmUkAdsHg"], ["updated_at", "2022-07-11 20:52:33.247506"], ["id", 1]]
  ↳ app/models/user.rb:25
  [1m[35m (0.2ms)[0m  [1m[35mCOMMIT[0m
  ↳ app/models/user.rb:25
Redirected to http://localhost:3000/users/1
Completed 302 Found in 710ms (ActiveRecord: 4.4ms)


Started GET "/users/1" for ::1 at 2022-07-11 16:52:33 -0400
Processing by UsersController#show as HTML
  Parameters: {"id"=>"1"}
  [1m[36mUser Load (0.2ms)[0m  [1m[34mSELECT  "users".* FROM "users" WHERE "users"."session_token" = $1 LIMIT $2[0m  [["session_token", "0BysP-7fJCj_wQmUkAdsHg"], ["LIMIT", 1]]
  ↳ app/controllers/application_controller.rb:5
  [1m[36mUser Load (0.1ms)[0m  [1m[34mSELECT  "users".* FROM "users" WHERE "users"."id" = $1 LIMIT $2[0m  [["id", 1], ["LIMIT", 1]]
  ↳ app/controllers/users_controller.rb:20
  Rendering users/show.html.erb within layouts/application
  Rendered users/show.html.erb within layouts/application (0.2ms)
Completed 200 OK in 22ms (Views: 19.1ms | ActiveRecord: 0.4ms)


Started GET "/subs/new" for ::1 at 2022-07-11 16:52:45 -0400
Processing by SubsController#new as HTML
  [1m[36mUser Load (0.2ms)[0m  [1m[34mSELECT  "users".* FROM "users" WHERE "users"."session_token" = $1 LIMIT $2[0m  [["session_token", "0BysP-7fJCj_wQmUkAdsHg"], ["LIMIT", 1]]
  ↳ app/controllers/application_controller.rb:5
  Rendering subs/new.html.erb within layouts/application
  Rendered subs/new.html.erb within layouts/application (0.5ms)
Completed 200 OK in 47ms (Views: 21.0ms | ActiveRecord: 4.0ms)


Started POST "/subs" for ::1 at 2022-07-11 16:53:03 -0400
Processing by SubsController#create as HTML
  Parameters: {"authenticity_token"=>"gr1mEodq3IGcdc2CKd7K7Aq1kpaY8t5GhPgBBTnnUK4yctnu5sD7obNCHFJ0/4Yaj7JZLZi6IacOjYQqQAD5AQ==", "sub"=>{"title"=>"Star Wars", "description"=>"A long time ago, in a forum far, far away"}}
  [1m[36mUser Load (0.6ms)[0m  [1m[34mSELECT  "users".* FROM "users" WHERE "users"."session_token" = $1 LIMIT $2[0m  [["session_token", "0BysP-7fJCj_wQmUkAdsHg"], ["LIMIT", 1]]
  ↳ app/controllers/application_controller.rb:5
  [1m[35m (0.2ms)[0m  [1m[35mBEGIN[0m
  ↳ app/controllers/subs_controller.rb:11
  [1m[36mSub Exists (1.0ms)[0m  [1m[34mSELECT  1 AS one FROM "subs" WHERE "subs"."title" = $1 LIMIT $2[0m  [["title", "Star Wars"], ["LIMIT", 1]]
  ↳ app/controllers/subs_controller.rb:11
  [1m[35m (0.2ms)[0m  [1m[31mROLLBACK[0m
  ↳ app/controllers/subs_controller.rb:11
  Rendering subs/new.html.erb within layouts/application
  Rendered subs/new.html.erb within layouts/application (0.4ms)
Completed 200 OK in 35ms (Views: 16.0ms | ActiveRecord: 2.0ms)


Started GET "/subs" for ::1 at 2022-07-11 16:53:25 -0400
Processing by SubsController#index as HTML
  Rendering subs/index.html.erb within layouts/application
  [1m[36mSub Load (0.2ms)[0m  [1m[34mSELECT "subs".* FROM "subs"[0m
  ↳ app/views/subs/index.html.erb:4
  Rendered subs/index.html.erb within layouts/application (1.3ms)
Completed 200 OK in 21ms (Views: 19.9ms | ActiveRecord: 0.2ms)


  [1m[36mSub Load (0.7ms)[0m  [1m[34mSELECT "subs".* FROM "subs"[0m
  [1m[36mUser Load (0.9ms)[0m  [1m[34mSELECT "users".* FROM "users"[0m
Started GET "/subs/new" for ::1 at 2022-07-11 16:55:14 -0400
Processing by SubsController#new as HTML
  [1m[36mUser Load (0.2ms)[0m  [1m[34mSELECT  "users".* FROM "users" WHERE "users"."session_token" = $1 LIMIT $2[0m  [["session_token", "0BysP-7fJCj_wQmUkAdsHg"], ["LIMIT", 1]]
  ↳ app/controllers/application_controller.rb:5
  Rendering subs/new.html.erb within layouts/application
  Rendered subs/new.html.erb within layouts/application (0.4ms)
Completed 200 OK in 31ms (Views: 13.5ms | ActiveRecord: 6.7ms)


Started POST "/subs" for ::1 at 2022-07-11 16:55:29 -0400
Processing by SubsController#create as HTML
  Parameters: {"authenticity_token"=>"62rgKF5iff3XoZsfiBNtryEltktJOuVE4JeggahkNSJbpV/UP8ha3fiWSs/VMiFZpCJ98ElyGqVq4iWu0YOcjQ==", "sub"=>{"title"=>"Star Wars", "description"=>"A long time ago, in a forum far, far away"}}
  [1m[36mUser Load (0.3ms)[0m  [1m[34mSELECT  "users".* FROM "users" WHERE "users"."session_token" = $1 LIMIT $2[0m  [["session_token", "0BysP-7fJCj_wQmUkAdsHg"], ["LIMIT", 1]]
  ↳ app/controllers/application_controller.rb:5
Completed 500 Internal Server Error in 83437ms (ActiveRecord: 0.3ms)



SystemExit - exit:
  (byebug):1:in `create'
  app/controllers/subs_controller.rb:12:in `create'

Started POST "/__better_errors/57de25dc6412db99/variables" for ::1 at 2022-07-11 16:56:53 -0400
Started GET "/" for ::1 at 2022-07-11 16:59:25 -0400
  [1m[35m (1.3ms)[0m  [1m[34mSELECT "schema_migrations"."version" FROM "schema_migrations" ORDER BY "schema_migrations"."version" ASC[0m
  ↳ /Users/torbenginsberg/.rbenv/versions/2.5.1/lib/ruby/gems/2.5.0/gems/activerecord-5.2.8/lib/active_record/log_subscriber.rb:98
Processing by Rails::WelcomeController#index as HTML
  Rendering /Users/torbenginsberg/.rbenv/versions/2.5.1/lib/ruby/gems/2.5.0/gems/railties-5.2.8/lib/rails/templates/rails/welcome/index.html.erb
  Rendered /Users/torbenginsberg/.rbenv/versions/2.5.1/lib/ruby/gems/2.5.0/gems/railties-5.2.8/lib/rails/templates/rails/welcome/index.html.erb (2.1ms)
Completed 200 OK in 9ms (Views: 5.3ms | ActiveRecord: 0.0ms)


Started GET "/subs/new" for ::1 at 2022-07-11 16:59:30 -0400
Processing by SubsController#new as HTML
  [1m[36mUser Load (0.4ms)[0m  [1m[34mSELECT  "users".* FROM "users" WHERE "users"."session_token" = $1 LIMIT $2[0m  [["session_token", "0BysP-7fJCj_wQmUkAdsHg"], ["LIMIT", 1]]
  ↳ app/controllers/application_controller.rb:5
  Rendering subs/new.html.erb within layouts/application
  Rendered subs/new.html.erb within layouts/application (7.1ms)
Completed 500 Internal Server Error in 34ms (ActiveRecord: 7.6ms)



ActionController::UrlGenerationError - No route matches {:action=>"create", :controller=>"subs", :user_id=>nil}, missing required keys: [:user_id]:
  app/views/subs/new.html.erb:3:in `_app_views_subs_new_html_erb___4176602365415828046_2458613600'
  app/controllers/subs_controller.rb:6:in `new'

Started POST "/__better_errors/5a959424e2d24fda/variables" for ::1 at 2022-07-11 16:59:30 -0400
Started GET "/subs/new" for ::1 at 2022-07-11 17:00:15 -0400
Processing by SubsController#new as HTML
  [1m[36mUser Load (0.3ms)[0m  [1m[34mSELECT  "users".* FROM "users" WHERE "users"."session_token" = $1 LIMIT $2[0m  [["session_token", "0BysP-7fJCj_wQmUkAdsHg"], ["LIMIT", 1]]
  ↳ app/controllers/application_controller.rb:5
  Rendering subs/new.html.erb within layouts/application
  Rendered subs/new.html.erb within layouts/application (1.7ms)
Completed 500 Internal Server Error in 6ms (ActiveRecord: 0.3ms)



ActionController::UrlGenerationError - No route matches {:action=>"create", :controller=>"subs", :user_id=>nil}, missing required keys: [:user_id]:
  app/views/subs/new.html.erb:3:in `_app_views_subs_new_html_erb___4176602365415828046_2198558520'
  app/controllers/subs_controller.rb:6:in `new'

Started POST "/__better_errors/70d0cd33edc6c3a7/variables" for ::1 at 2022-07-11 17:00:15 -0400
Started GET "/subs/new" for ::1 at 2022-07-11 17:00:18 -0400
Processing by SubsController#new as HTML
  [1m[36mUser Load (0.2ms)[0m  [1m[34mSELECT  "users".* FROM "users" WHERE "users"."session_token" = $1 LIMIT $2[0m  [["session_token", "0BysP-7fJCj_wQmUkAdsHg"], ["LIMIT", 1]]
  ↳ app/controllers/application_controller.rb:5
  Rendering subs/new.html.erb within layouts/application
  Rendered subs/new.html.erb within layouts/application (1.8ms)
Completed 500 Internal Server Error in 6ms (ActiveRecord: 0.2ms)



ActionController::UrlGenerationError - No route matches {:action=>"create", :controller=>"subs", :user_id=>nil}, missing required keys: [:user_id]:
  app/views/subs/new.html.erb:3:in `_app_views_subs_new_html_erb___4176602365415828046_2320840760'
  app/controllers/subs_controller.rb:6:in `new'

Started POST "/__better_errors/f99a88ec97468e5d/variables" for ::1 at 2022-07-11 17:00:18 -0400
Started POST "/__better_errors/f99a88ec97468e5d/eval" for ::1 at 2022-07-11 17:00:44 -0400
Started GET "/subs/new" for ::1 at 2022-07-11 17:01:54 -0400
Processing by SubsController#new as HTML
  [1m[36mUser Load (0.4ms)[0m  [1m[34mSELECT  "users".* FROM "users" WHERE "users"."session_token" = $1 LIMIT $2[0m  [["session_token", "0BysP-7fJCj_wQmUkAdsHg"], ["LIMIT", 1]]
  ↳ app/controllers/application_controller.rb:5
  Rendering subs/new.html.erb within layouts/application
  Rendered subs/new.html.erb within layouts/application (3.4ms)
Completed 500 Internal Server Error in 12ms (ActiveRecord: 0.4ms)



ActionController::UrlGenerationError - No route matches {:action=>"create", :controller=>"subs"}, missing required keys: [:user_id]:
  app/views/subs/new.html.erb:3:in `_app_views_subs_new_html_erb___4176602365415828046_2193064140'
  app/controllers/subs_controller.rb:6:in `new'

Started POST "/__better_errors/0201175913871bdd/variables" for ::1 at 2022-07-11 17:01:54 -0400
Started GET "/subs/new" for ::1 at 2022-07-11 17:02:56 -0400
Processing by SubsController#new as HTML
  [1m[36mUser Load (0.4ms)[0m  [1m[34mSELECT  "users".* FROM "users" WHERE "users"."session_token" = $1 LIMIT $2[0m  [["session_token", "0BysP-7fJCj_wQmUkAdsHg"], ["LIMIT", 1]]
  ↳ app/controllers/application_controller.rb:5
  Rendering subs/new.html.erb within layouts/application
  Rendered subs/new.html.erb within layouts/application (2.1ms)
Completed 500 Internal Server Error in 7ms (ActiveRecord: 0.4ms)



ActionController::UrlGenerationError - No route matches {:action=>"create", :controller=>"subs"}, missing required keys: [:user_id]:
  app/views/subs/new.html.erb:3:in `_app_views_subs_new_html_erb___4176602365415828046_2320906860'
  app/controllers/subs_controller.rb:6:in `new'

Started POST "/__better_errors/96c3a6cef05a3c4a/variables" for ::1 at 2022-07-11 17:02:56 -0400
Started GET "/subs/new" for ::1 at 2022-07-11 17:04:19 -0400
Processing by SubsController#new as HTML
  [1m[36mUser Load (0.3ms)[0m  [1m[34mSELECT  "users".* FROM "users" WHERE "users"."session_token" = $1 LIMIT $2[0m  [["session_token", "0BysP-7fJCj_wQmUkAdsHg"], ["LIMIT", 1]]
  ↳ app/controllers/application_controller.rb:5
  Rendering subs/new.html.erb within layouts/application
  Rendered subs/new.html.erb within layouts/application (1.6ms)
Completed 500 Internal Server Error in 5ms (ActiveRecord: 0.3ms)



ActionController::UrlGenerationError - No route matches {:action=>"create", :controller=>"subs", :user_id=>nil}, missing required keys: [:user_id]:
  app/views/subs/new.html.erb:3:in `_app_views_subs_new_html_erb___4176602365415828046_2461333960'
  app/controllers/subs_controller.rb:6:in `new'

Started POST "/__better_errors/6e041be01d175e11/variables" for ::1 at 2022-07-11 17:04:19 -0400
Started POST "/__better_errors/6e041be01d175e11/eval" for ::1 at 2022-07-11 17:04:30 -0400
Started POST "/__better_errors/6e041be01d175e11/eval" for ::1 at 2022-07-11 17:04:34 -0400
Started POST "/__better_errors/6e041be01d175e11/eval" for ::1 at 2022-07-11 17:04:54 -0400
Started POST "/__better_errors/6e041be01d175e11/eval" for ::1 at 2022-07-11 17:05:01 -0400
Started POST "/__better_errors/6e041be01d175e11/eval" for ::1 at 2022-07-11 17:05:05 -0400
Started GET "/subs/new" for ::1 at 2022-07-11 17:05:29 -0400
Processing by SubsController#new as HTML
  [1m[36mUser Load (0.2ms)[0m  [1m[34mSELECT  "users".* FROM "users" WHERE "users"."session_token" = $1 LIMIT $2[0m  [["session_token", "0BysP-7fJCj_wQmUkAdsHg"], ["LIMIT", 1]]
  ↳ app/controllers/application_controller.rb:5
  Rendering subs/new.html.erb within layouts/application
  Rendered subs/new.html.erb within layouts/application (2.9ms)
Completed 500 Internal Server Error in 10ms (ActiveRecord: 0.2ms)



ActionController::UrlGenerationError - No route matches {:action=>"create", :controller=>"subs", :user_id=>nil}, missing required keys: [:user_id]:
  app/views/subs/new.html.erb:3:in `_app_views_subs_new_html_erb___4176602365415828046_2461442660'
  app/controllers/subs_controller.rb:6:in `new'

Started POST "/__better_errors/0de57926c346b944/variables" for ::1 at 2022-07-11 17:05:29 -0400
Started POST "/__better_errors/0de57926c346b944/eval" for ::1 at 2022-07-11 17:05:30 -0400
Started GET "/subs/new" for ::1 at 2022-07-11 17:06:12 -0400
Processing by SubsController#new as HTML
  [1m[36mUser Load (0.1ms)[0m  [1m[34mSELECT  "users".* FROM "users" WHERE "users"."session_token" = $1 LIMIT $2[0m  [["session_token", "0BysP-7fJCj_wQmUkAdsHg"], ["LIMIT", 1]]
  ↳ app/controllers/application_controller.rb:5
  Rendering subs/new.html.erb within layouts/application
  Rendered subs/new.html.erb within layouts/application (15.2ms)
Completed 500 Internal Server Error in 29813ms (ActiveRecord: 147.1ms)



ActionController::UrlGenerationError - No route matches {:action=>"create", :controller=>"subs", :user_id=>nil}, missing required keys: [:user_id]:
  app/views/subs/new.html.erb:3:in `_app_views_subs_new_html_erb___4176602365415828046_2192726120'
  app/controllers/subs_controller.rb:7:in `new'

Started POST "/__better_errors/cf4769e87e7bc512/variables" for ::1 at 2022-07-11 17:06:41 -0400
Started GET "/subs/new" for ::1 at 2022-07-11 17:07:37 -0400
Processing by SubsController#new as HTML
  [1m[36mUser Load (0.1ms)[0m  [1m[34mSELECT  "users".* FROM "users" WHERE "users"."session_token" = $1 LIMIT $2[0m  [["session_token", "0BysP-7fJCj_wQmUkAdsHg"], ["LIMIT", 1]]
  ↳ app/controllers/application_controller.rb:7
  Rendering subs/new.html.erb within layouts/application
  Rendered subs/new.html.erb within layouts/application (1.6ms)
Completed 500 Internal Server Error in 23ms (ActiveRecord: 6.3ms)



ActionController::UrlGenerationError - No route matches {:action=>"create", :controller=>"subs", :user_id=>nil}, missing required keys: [:user_id]:
  app/views/subs/new.html.erb:3:in `_app_views_subs_new_html_erb___4176602365415828046_2459686380'
  app/controllers/subs_controller.rb:6:in `new'

Started POST "/__better_errors/7e913d11243e7efa/variables" for ::1 at 2022-07-11 17:07:37 -0400
Started GET "/subs/new" for ::1 at 2022-07-11 17:07:57 -0400
Processing by SubsController#new as HTML
  [1m[36mUser Load (0.2ms)[0m  [1m[34mSELECT  "users".* FROM "users" WHERE "users"."session_token" = $1 LIMIT $2[0m  [["session_token", "0BysP-7fJCj_wQmUkAdsHg"], ["LIMIT", 1]]
  ↳ app/controllers/application_controller.rb:7
  Rendering subs/new.html.erb within layouts/application
  Rendered subs/new.html.erb within layouts/application (3.1ms)
Completed 500 Internal Server Error in 8ms (ActiveRecord: 0.2ms)



ActionController::UrlGenerationError - No route matches {:action=>"create", :controller=>"subs", :user_id=>nil}, missing required keys: [:user_id]:
  app/views/subs/new.html.erb:3:in `_app_views_subs_new_html_erb___4176602365415828046_2193334560'
  app/controllers/subs_controller.rb:6:in `new'

Started POST "/__better_errors/381e6a503251a6e2/variables" for ::1 at 2022-07-11 17:07:57 -0400
Started GET "/subs/new" for ::1 at 2022-07-11 17:08:35 -0400
Processing by SubsController#new as HTML
  [1m[36mUser Load (0.1ms)[0m  [1m[34mSELECT  "users".* FROM "users" WHERE "users"."session_token" = $1 LIMIT $2[0m  [["session_token", "0BysP-7fJCj_wQmUkAdsHg"], ["LIMIT", 1]]
  ↳ app/controllers/application_controller.rb:7
  Rendering subs/new.html.erb within layouts/application
  Rendered subs/new.html.erb within layouts/application (1.6ms)
Completed 500 Internal Server Error in 24ms (ActiveRecord: 8.3ms)



ActionController::UrlGenerationError - No route matches {:action=>"create", :controller=>"subs", :user_id=>nil}, missing required keys: [:user_id]:
  app/views/subs/new.html.erb:3:in `_app_views_subs_new_html_erb___4176602365415828046_2202369520'
  app/controllers/subs_controller.rb:6:in `new'

Started POST "/__better_errors/0f425cffa38531c5/variables" for ::1 at 2022-07-11 17:08:35 -0400
Started GET "/subs/new" for ::1 at 2022-07-11 17:08:46 -0400
  [1m[35m (0.9ms)[0m  [1m[34mSELECT "schema_migrations"."version" FROM "schema_migrations" ORDER BY "schema_migrations"."version" ASC[0m
  ↳ /Users/torbenginsberg/.rbenv/versions/2.5.1/lib/ruby/gems/2.5.0/gems/activerecord-5.2.8/lib/active_record/log_subscriber.rb:98
Processing by SubsController#new as HTML
  [1m[36mUser Load (0.8ms)[0m  [1m[34mSELECT  "users".* FROM "users" WHERE "users"."session_token" = $1 LIMIT $2[0m  [["session_token", "0BysP-7fJCj_wQmUkAdsHg"], ["LIMIT", 1]]
  ↳ app/controllers/application_controller.rb:7
  Rendering subs/new.html.erb within layouts/application
  Rendered subs/new.html.erb within layouts/application (4.5ms)
Completed 500 Internal Server Error in 35ms (ActiveRecord: 10.4ms)



ActionController::UrlGenerationError - No route matches {:action=>"create", :controller=>"subs", :user_id=>nil}, missing required keys: [:user_id]:
  app/views/subs/new.html.erb:3:in `_app_views_subs_new_html_erb__3183474976233530299_2164162200'
  app/controllers/subs_controller.rb:6:in `new'

Started POST "/__better_errors/08dfc8f802487e0b/variables" for ::1 at 2022-07-11 17:08:46 -0400
Started GET "/subs/new" for ::1 at 2022-07-11 17:09:07 -0400
Processing by SubsController#new as HTML
  [1m[36mUser Load (0.3ms)[0m  [1m[34mSELECT  "users".* FROM "users" WHERE "users"."session_token" = $1 LIMIT $2[0m  [["session_token", "0BysP-7fJCj_wQmUkAdsHg"], ["LIMIT", 1]]
  ↳ app/controllers/application_controller.rb:7
  Rendering subs/new.html.erb within layouts/application
  Rendered subs/new.html.erb within layouts/application (3.3ms)
Completed 500 Internal Server Error in 11ms (ActiveRecord: 0.3ms)



ActionController::UrlGenerationError - No route matches {:action=>"create", :controller=>"subs", :user_id=>nil}, missing required keys: [:user_id]:
  app/views/subs/new.html.erb:3:in `_app_views_subs_new_html_erb__3183474976233530299_2477615100'
  app/controllers/subs_controller.rb:6:in `new'

Started POST "/__better_errors/8ebb9ab0d03d4a75/variables" for ::1 at 2022-07-11 17:09:07 -0400
Started POST "/__better_errors/8ebb9ab0d03d4a75/eval" for ::1 at 2022-07-11 17:09:17 -0400
Started GET "/subs/new" for ::1 at 2022-07-11 17:10:21 -0400
Processing by SubsController#new as HTML
  [1m[36mUser Load (0.3ms)[0m  [1m[34mSELECT  "users".* FROM "users" WHERE "users"."session_token" = $1 LIMIT $2[0m  [["session_token", "0BysP-7fJCj_wQmUkAdsHg"], ["LIMIT", 1]]
  ↳ app/controllers/application_controller.rb:7
  Rendering subs/new.html.erb within layouts/application
  Rendered subs/new.html.erb within layouts/application (2.5ms)
Completed 500 Internal Server Error in 7ms (ActiveRecord: 0.3ms)



ActionController::UrlGenerationError - No route matches {:action=>"create", :controller=>"subs"}, missing required keys: [:user_id]:
  app/views/subs/new.html.erb:3:in `_app_views_subs_new_html_erb__3183474976233530299_2164227860'
  app/controllers/subs_controller.rb:6:in `new'

Started POST "/__better_errors/dc2eaff9a00aa78d/variables" for ::1 at 2022-07-11 17:10:21 -0400
Started GET "/subs" for ::1 at 2022-07-11 17:10:35 -0400
Processing by SubsController#index as HTML
  Rendering subs/index.html.erb within layouts/application
  [1m[36mSub Load (0.5ms)[0m  [1m[34mSELECT "subs".* FROM "subs"[0m
  ↳ app/views/subs/index.html.erb:4
  Rendered subs/index.html.erb within layouts/application (1.5ms)
Completed 200 OK in 208ms (Views: 206.3ms | ActiveRecord: 0.5ms)


Started GET "/session/new" for ::1 at 2022-07-11 17:10:50 -0400
Processing by SessionsController#new as HTML
  Rendering sessions/new.html.erb within layouts/application
  Rendered sessions/new.html.erb within layouts/application (0.6ms)
Completed 200 OK in 19ms (Views: 18.1ms | ActiveRecord: 0.0ms)


Started POST "/session" for ::1 at 2022-07-11 17:10:55 -0400
Processing by SessionsController#create as HTML
  Parameters: {"authenticity_token"=>"pN2dHtoAFdBRw2UTMOtJB4B1grWjODAmGItZMN0omkIUEiLiu6oy8H70tMNtygXxBXJJDqNwz8eS/twfpM8z7Q==", "user"=>{"username"=>"torben", "password"=>"[FILTERED]"}}
  [1m[36mUser Load (0.2ms)[0m  [1m[34mSELECT  "users".* FROM "users" WHERE "users"."username" = $1 LIMIT $2[0m  [["username", "torben"], ["LIMIT", 1]]
  ↳ app/models/user.rb:14
  [1m[35m (0.2ms)[0m  [1m[35mBEGIN[0m
  ↳ app/models/user.rb:25
  [1m[36mUser Exists (0.5ms)[0m  [1m[34mSELECT  1 AS one FROM "users" WHERE "users"."username" = $1 AND "users"."id" != $2 LIMIT $3[0m  [["username", "torben"], ["id", 1], ["LIMIT", 1]]
  ↳ app/models/user.rb:25
  [1m[36mUser Exists (0.1ms)[0m  [1m[34mSELECT  1 AS one FROM "users" WHERE "users"."session_token" = $1 AND "users"."id" != $2 LIMIT $3[0m  [["session_token", "-nSXOcB6WpHIPanylJn6Cg"], ["id", 1], ["LIMIT", 1]]
  ↳ app/models/user.rb:25
  [1m[36mUser Update (0.3ms)[0m  [1m[33mUPDATE "users" SET "session_token" = $1, "updated_at" = $2 WHERE "users"."id" = $3[0m  [["session_token", "-nSXOcB6WpHIPanylJn6Cg"], ["updated_at", "2022-07-11 21:10:55.804208"], ["id", 1]]
  ↳ app/models/user.rb:25
  [1m[35m (0.9ms)[0m  [1m[35mCOMMIT[0m
  ↳ app/models/user.rb:25
Redirected to http://localhost:3000/users/1
Completed 302 Found in 704ms (ActiveRecord: 2.2ms)


Started GET "/users/1" for ::1 at 2022-07-11 17:10:55 -0400
Processing by UsersController#show as HTML
  Parameters: {"id"=>"1"}
  [1m[36mUser Load (0.3ms)[0m  [1m[34mSELECT  "users".* FROM "users" WHERE "users"."session_token" = $1 LIMIT $2[0m  [["session_token", "-nSXOcB6WpHIPanylJn6Cg"], ["LIMIT", 1]]
  ↳ app/controllers/application_controller.rb:7
  [1m[36mUser Load (0.1ms)[0m  [1m[34mSELECT  "users".* FROM "users" WHERE "users"."id" = $1 LIMIT $2[0m  [["id", 1], ["LIMIT", 1]]
  ↳ app/controllers/users_controller.rb:20
  Rendering users/show.html.erb within layouts/application
  Rendered users/show.html.erb within layouts/application (0.2ms)
Completed 200 OK in 16ms (Views: 13.8ms | ActiveRecord: 0.4ms)


Started GET "/subs" for ::1 at 2022-07-11 17:11:03 -0400
Processing by SubsController#index as HTML
  Rendering subs/index.html.erb within layouts/application
  [1m[36mSub Load (0.2ms)[0m  [1m[34mSELECT "subs".* FROM "subs"[0m
  ↳ app/views/subs/index.html.erb:4
  Rendered subs/index.html.erb within layouts/application (1.0ms)
Completed 200 OK in 15ms (Views: 14.3ms | ActiveRecord: 0.2ms)


Started GET "/subs/new" for ::1 at 2022-07-11 17:11:05 -0400
Processing by SubsController#new as HTML
  [1m[36mUser Load (0.3ms)[0m  [1m[34mSELECT  "users".* FROM "users" WHERE "users"."session_token" = $1 LIMIT $2[0m  [["session_token", "-nSXOcB6WpHIPanylJn6Cg"], ["LIMIT", 1]]
  ↳ app/controllers/application_controller.rb:7
  Rendering subs/new.html.erb within layouts/application
  Rendered subs/new.html.erb within layouts/application (2.5ms)
Completed 500 Internal Server Error in 8ms (ActiveRecord: 0.3ms)



ActionController::UrlGenerationError - No route matches {:action=>"create", :controller=>"subs", :user_id=>nil}, missing required keys: [:user_id]:
  app/views/subs/new.html.erb:3:in `_app_views_subs_new_html_erb__3183474976233530299_2193485200'
  app/controllers/subs_controller.rb:6:in `new'

Started POST "/__better_errors/0ca3a9048e776fde/variables" for ::1 at 2022-07-11 17:11:06 -0400
Started POST "/__better_errors/0ca3a9048e776fde/eval" for ::1 at 2022-07-11 17:11:17 -0400
Started POST "/__better_errors/0ca3a9048e776fde/eval" for ::1 at 2022-07-11 17:11:22 -0400
Started POST "/__better_errors/0ca3a9048e776fde/eval" for ::1 at 2022-07-11 17:11:30 -0400
Started GET "/subs/new" for ::1 at 2022-07-11 17:12:30 -0400
Processing by SubsController#new as HTML
  [1m[36mUser Load (0.3ms)[0m  [1m[34mSELECT  "users".* FROM "users" WHERE "users"."session_token" = $1 LIMIT $2[0m  [["session_token", "-nSXOcB6WpHIPanylJn6Cg"], ["LIMIT", 1]]
  ↳ app/controllers/application_controller.rb:7
  Rendering subs/new.html.erb within layouts/application
  Rendered subs/new.html.erb within layouts/application (0.5ms)
Completed 200 OK in 16ms (Views: 14.5ms | ActiveRecord: 0.3ms)


Started POST "/users/1/subs" for ::1 at 2022-07-11 17:12:37 -0400
Processing by SubsController#create as HTML
  Parameters: {"authenticity_token"=>"0vUrI9v5chwLHrkwm119QpDOulcWLRhLGD6oljUNFrViOpTfulNVPCQpaODGfDG0Fclx7BZl56qSSy25TOq/Gg==", "sub"=>{"title"=>"Star Wars", "description"=>"A long time ago, in a forum far, far away"}, "user_id"=>"1"}
  [1m[36mUser Load (0.3ms)[0m  [1m[34mSELECT  "users".* FROM "users" WHERE "users"."session_token" = $1 LIMIT $2[0m  [["session_token", "-nSXOcB6WpHIPanylJn6Cg"], ["LIMIT", 1]]
  ↳ app/controllers/application_controller.rb:7
  [1m[35m (0.2ms)[0m  [1m[35mBEGIN[0m
  ↳ app/controllers/subs_controller.rb:12
  [1m[36mSub Exists (0.3ms)[0m  [1m[34mSELECT  1 AS one FROM "subs" WHERE "subs"."title" = $1 LIMIT $2[0m  [["title", "Star Wars"], ["LIMIT", 1]]
  ↳ app/controllers/subs_controller.rb:12
  [1m[36mUser Load (0.3ms)[0m  [1m[34mSELECT  "users".* FROM "users" WHERE "users"."id" = $1 LIMIT $2[0m  [["id", 1], ["LIMIT", 1]]
  ↳ app/controllers/subs_controller.rb:12
  [1m[36mSub Create (3.7ms)[0m  [1m[32mINSERT INTO "subs" ("title", "description", "user_id", "created_at", "updated_at") VALUES ($1, $2, $3, $4, $5) RETURNING "id"[0m  [["title", "Star Wars"], ["description", "A long time ago, in a forum far, far away"], ["user_id", 1], ["created_at", "2022-07-11 21:12:37.935177"], ["updated_at", "2022-07-11 21:12:37.935177"]]
  ↳ app/controllers/subs_controller.rb:12
  [1m[35m (0.2ms)[0m  [1m[35mCOMMIT[0m
  ↳ app/controllers/subs_controller.rb:12
Redirected to http://localhost:3000/subs
Completed 302 Found in 32ms (ActiveRecord: 5.0ms)


Started GET "/subs" for ::1 at 2022-07-11 17:12:37 -0400
Processing by SubsController#index as HTML
  Rendering subs/index.html.erb within layouts/application
  [1m[36mSub Load (0.2ms)[0m  [1m[34mSELECT "subs".* FROM "subs"[0m
  ↳ app/views/subs/index.html.erb:4
  Rendered subs/index.html.erb within layouts/application (1.2ms)
Completed 200 OK in 17ms (Views: 16.6ms | ActiveRecord: 0.2ms)


Started GET "/subs/1" for ::1 at 2022-07-11 17:16:10 -0400
Processing by SubsController#show as HTML
  Parameters: {"id"=>"1"}
  [1m[36mSub Load (0.2ms)[0m  [1m[34mSELECT  "subs".* FROM "subs" WHERE "subs"."id" = $1 LIMIT $2[0m  [["id", 1], ["LIMIT", 1]]
  ↳ app/controllers/subs_controller.rb:22
  Rendering subs/show.html.erb within layouts/application
  [1m[36mUser Load (0.2ms)[0m  [1m[34mSELECT  "users".* FROM "users" WHERE "users"."id" = $1 LIMIT $2[0m  [["id", 1], ["LIMIT", 1]]
  ↳ app/views/subs/show.html.erb:2
  Rendered subs/show.html.erb within layouts/application (16.4ms)
Completed 200 OK in 42ms (Views: 28.1ms | ActiveRecord: 7.1ms)


Started GET "/subs/1" for ::1 at 2022-07-11 17:16:31 -0400
Processing by SubsController#show as HTML
  Parameters: {"id"=>"1"}
  [1m[36mSub Load (0.3ms)[0m  [1m[34mSELECT  "subs".* FROM "subs" WHERE "subs"."id" = $1 LIMIT $2[0m  [["id", 1], ["LIMIT", 1]]
  ↳ app/controllers/subs_controller.rb:22
  Rendering subs/show.html.erb within layouts/application
  [1m[36mUser Load (0.3ms)[0m  [1m[34mSELECT  "users".* FROM "users" WHERE "users"."id" = $1 LIMIT $2[0m  [["id", 1], ["LIMIT", 1]]
  ↳ app/views/subs/show.html.erb:2
  Rendered subs/show.html.erb within layouts/application (1.7ms)
Completed 200 OK in 24ms (Views: 21.7ms | ActiveRecord: 0.5ms)


Started GET "/subs/1/edit" for ::1 at 2022-07-11 17:19:11 -0400
Processing by SubsController#edit as HTML
  Parameters: {"id"=>"1"}
  [1m[36mUser Load (0.3ms)[0m  [1m[34mSELECT  "users".* FROM "users" WHERE "users"."session_token" = $1 LIMIT $2[0m  [["session_token", "-nSXOcB6WpHIPanylJn6Cg"], ["LIMIT", 1]]
  ↳ app/controllers/application_controller.rb:7
  [1m[36mSub Load (0.3ms)[0m  [1m[34mSELECT  "subs".* FROM "subs" WHERE "subs"."id" = $1 LIMIT $2[0m  [["id", 1], ["LIMIT", 1]]
  ↳ app/controllers/subs_controller.rb:39
  Rendering subs/edit.html.erb within layouts/application
  Rendered subs/edit.html.erb within layouts/application (1.1ms)
Completed 200 OK in 34ms (Views: 29.7ms | ActiveRecord: 0.5ms)


Started PATCH "/subs/1/edit" for ::1 at 2022-07-11 17:19:16 -0400
  
ActionController::RoutingError (No route matches [PATCH] "/subs/1/edit"):
  
actionpack (5.2.8) lib/action_dispatch/middleware/debug_exceptions.rb:65:in `call'
web-console (3.7.0) lib/web_console/middleware.rb:135:in `call_app'
web-console (3.7.0) lib/web_console/middleware.rb:30:in `block in call'
web-console (3.7.0) lib/web_console/middleware.rb:20:in `catch'
web-console (3.7.0) lib/web_console/middleware.rb:20:in `call'
actionpack (5.2.8) lib/action_dispatch/middleware/show_exceptions.rb:33:in `call'
railties (5.2.8) lib/rails/rack/logger.rb:38:in `call_app'
railties (5.2.8) lib/rails/rack/logger.rb:26:in `block in call'
activesupport (5.2.8) lib/active_support/tagged_logging.rb:71:in `block in tagged'
activesupport (5.2.8) lib/active_support/tagged_logging.rb:28:in `tagged'
activesupport (5.2.8) lib/active_support/tagged_logging.rb:71:in `tagged'
railties (5.2.8) lib/rails/rack/logger.rb:26:in `call'
sprockets-rails (3.4.2) lib/sprockets/rails/quiet_assets.rb:13:in `call'
actionpack (5.2.8) lib/action_dispatch/middleware/remote_ip.rb:81:in `call'
actionpack (5.2.8) lib/action_dispatch/middleware/request_id.rb:27:in `call'
rack (2.2.4) lib/rack/method_override.rb:24:in `call'
rack (2.2.4) lib/rack/runtime.rb:22:in `call'
activesupport (5.2.8) lib/active_support/cache/strategy/local_cache_middleware.rb:29:in `call'
actionpack (5.2.8) lib/action_dispatch/middleware/executor.rb:14:in `call'
actionpack (5.2.8) lib/action_dispatch/middleware/static.rb:127:in `call'
rack (2.2.4) lib/rack/sendfile.rb:110:in `call'
railties (5.2.8) lib/rails/engine.rb:524:in `call'
puma (3.12.6) lib/puma/configuration.rb:227:in `call'
puma (3.12.6) lib/puma/server.rb:706:in `handle_request'
puma (3.12.6) lib/puma/server.rb:476:in `process_client'
puma (3.12.6) lib/puma/server.rb:334:in `block in run'
puma (3.12.6) lib/puma/thread_pool.rb:135:in `block in spawn_thread'
Started PATCH "/subs/1/edit" for ::1 at 2022-07-11 17:20:04 -0400
  
ActionController::RoutingError (No route matches [PATCH] "/subs/1/edit"):
  
actionpack (5.2.8) lib/action_dispatch/middleware/debug_exceptions.rb:65:in `call'
web-console (3.7.0) lib/web_console/middleware.rb:135:in `call_app'
web-console (3.7.0) lib/web_console/middleware.rb:30:in `block in call'
web-console (3.7.0) lib/web_console/middleware.rb:20:in `catch'
web-console (3.7.0) lib/web_console/middleware.rb:20:in `call'
actionpack (5.2.8) lib/action_dispatch/middleware/show_exceptions.rb:33:in `call'
railties (5.2.8) lib/rails/rack/logger.rb:38:in `call_app'
railties (5.2.8) lib/rails/rack/logger.rb:26:in `block in call'
activesupport (5.2.8) lib/active_support/tagged_logging.rb:71:in `block in tagged'
activesupport (5.2.8) lib/active_support/tagged_logging.rb:28:in `tagged'
activesupport (5.2.8) lib/active_support/tagged_logging.rb:71:in `tagged'
railties (5.2.8) lib/rails/rack/logger.rb:26:in `call'
sprockets-rails (3.4.2) lib/sprockets/rails/quiet_assets.rb:13:in `call'
actionpack (5.2.8) lib/action_dispatch/middleware/remote_ip.rb:81:in `call'
actionpack (5.2.8) lib/action_dispatch/middleware/request_id.rb:27:in `call'
rack (2.2.4) lib/rack/method_override.rb:24:in `call'
rack (2.2.4) lib/rack/runtime.rb:22:in `call'
activesupport (5.2.8) lib/active_support/cache/strategy/local_cache_middleware.rb:29:in `call'
actionpack (5.2.8) lib/action_dispatch/middleware/executor.rb:14:in `call'
actionpack (5.2.8) lib/action_dispatch/middleware/static.rb:127:in `call'
rack (2.2.4) lib/rack/sendfile.rb:110:in `call'
railties (5.2.8) lib/rails/engine.rb:524:in `call'
puma (3.12.6) lib/puma/configuration.rb:227:in `call'
puma (3.12.6) lib/puma/server.rb:706:in `handle_request'
puma (3.12.6) lib/puma/server.rb:476:in `process_client'
puma (3.12.6) lib/puma/server.rb:334:in `block in run'
puma (3.12.6) lib/puma/thread_pool.rb:135:in `block in spawn_thread'
Started GET "/subs/1/edit" for ::1 at 2022-07-11 17:20:07 -0400
Processing by SubsController#edit as HTML
  Parameters: {"id"=>"1"}
  [1m[36mUser Load (0.3ms)[0m  [1m[34mSELECT  "users".* FROM "users" WHERE "users"."session_token" = $1 LIMIT $2[0m  [["session_token", "-nSXOcB6WpHIPanylJn6Cg"], ["LIMIT", 1]]
  ↳ app/controllers/application_controller.rb:7
  [1m[36mSub Load (0.2ms)[0m  [1m[34mSELECT  "subs".* FROM "subs" WHERE "subs"."id" = $1 LIMIT $2[0m  [["id", 1], ["LIMIT", 1]]
  ↳ app/controllers/subs_controller.rb:39
  Rendering subs/edit.html.erb within layouts/application
  Rendered subs/edit.html.erb within layouts/application (0.6ms)
Completed 200 OK in 25ms (Views: 23.2ms | ActiveRecord: 0.4ms)


Started PATCH "/users/1/subs/1" for ::1 at 2022-07-11 17:20:11 -0400
Processing by SubsController#update as HTML
  Parameters: {"authenticity_token"=>"R4sz41kga9UyLc2XOjvJii7wAGqRm0KW2DFZuzgSA473RIwfOIpM9R0aHEdnGoV8q/fL0ZHTvXdSRNyUQfWqIQ==", "sub"=>{"title"=>"Star Wars123", "description"=>"A long time ago, in a forum far, far away"}, "user_id"=>"1", "id"=>"1"}
  [1m[36mUser Load (0.3ms)[0m  [1m[34mSELECT  "users".* FROM "users" WHERE "users"."session_token" = $1 LIMIT $2[0m  [["session_token", "-nSXOcB6WpHIPanylJn6Cg"], ["LIMIT", 1]]
  ↳ app/controllers/application_controller.rb:7
Completed 500 Internal Server Error in 22ms (ActiveRecord: 0.3ms)



NoMethodError - undefined method `moderator' for #<Class:0x0000000101c23b78>:
  app/controllers/subs_controller.rb:44:in `update'

Started POST "/__better_errors/282bffde220f4e9d/variables" for ::1 at 2022-07-11 17:20:11 -0400
Started PATCH "/users/1/subs/1" for ::1 at 2022-07-11 17:22:01 -0400
Processing by SubsController#update as HTML
  Parameters: {"authenticity_token"=>"R4sz41kga9UyLc2XOjvJii7wAGqRm0KW2DFZuzgSA473RIwfOIpM9R0aHEdnGoV8q/fL0ZHTvXdSRNyUQfWqIQ==", "sub"=>{"title"=>"Star Wars123", "description"=>"A long time ago, in a forum far, far away"}, "user_id"=>"1", "id"=>"1"}
  [1m[36mUser Load (0.1ms)[0m  [1m[34mSELECT  "users".* FROM "users" WHERE "users"."session_token" = $1 LIMIT $2[0m  [["session_token", "-nSXOcB6WpHIPanylJn6Cg"], ["LIMIT", 1]]
  ↳ app/controllers/application_controller.rb:7
Redirected to http://localhost:3000/subs
Completed 302 Found in 11ms (ActiveRecord: 3.4ms)


Started GET "/subs" for ::1 at 2022-07-11 17:22:01 -0400
Processing by SubsController#index as HTML
  Rendering subs/index.html.erb within layouts/application
  [1m[36mSub Load (0.2ms)[0m  [1m[34mSELECT "subs".* FROM "subs"[0m
  ↳ app/views/subs/index.html.erb:4
  Rendered subs/index.html.erb within layouts/application (7.2ms)
Completed 200 OK in 25ms (Views: 20.6ms | ActiveRecord: 2.7ms)


Started GET "/subs/1" for ::1 at 2022-07-11 17:22:03 -0400
Processing by SubsController#show as HTML
  Parameters: {"id"=>"1"}
  [1m[36mSub Load (0.2ms)[0m  [1m[34mSELECT  "subs".* FROM "subs" WHERE "subs"."id" = $1 LIMIT $2[0m  [["id", 1], ["LIMIT", 1]]
  ↳ app/controllers/subs_controller.rb:22
  Rendering subs/show.html.erb within layouts/application
  [1m[36mUser Load (0.4ms)[0m  [1m[34mSELECT  "users".* FROM "users" WHERE "users"."id" = $1 LIMIT $2[0m  [["id", 1], ["LIMIT", 1]]
  ↳ app/views/subs/show.html.erb:2
  Rendered subs/show.html.erb within layouts/application (3.2ms)
Completed 200 OK in 20ms (Views: 18.1ms | ActiveRecord: 0.6ms)


Started GET "/subs/1" for ::1 at 2022-07-11 17:22:09 -0400
Processing by SubsController#show as HTML
  Parameters: {"id"=>"1"}
  [1m[36mSub Load (0.3ms)[0m  [1m[34mSELECT  "subs".* FROM "subs" WHERE "subs"."id" = $1 LIMIT $2[0m  [["id", 1], ["LIMIT", 1]]
  ↳ app/controllers/subs_controller.rb:22
  Rendering subs/show.html.erb within layouts/application
  [1m[36mUser Load (0.4ms)[0m  [1m[34mSELECT  "users".* FROM "users" WHERE "users"."id" = $1 LIMIT $2[0m  [["id", 1], ["LIMIT", 1]]
  ↳ app/views/subs/show.html.erb:2
  Rendered subs/show.html.erb within layouts/application (2.6ms)
Completed 200 OK in 22ms (Views: 19.8ms | ActiveRecord: 0.6ms)


Started GET "/subs/1/edit" for ::1 at 2022-07-11 17:22:12 -0400
Processing by SubsController#edit as HTML
  Parameters: {"id"=>"1"}
  [1m[36mUser Load (0.2ms)[0m  [1m[34mSELECT  "users".* FROM "users" WHERE "users"."session_token" = $1 LIMIT $2[0m  [["session_token", "-nSXOcB6WpHIPanylJn6Cg"], ["LIMIT", 1]]
  ↳ app/controllers/application_controller.rb:7
  [1m[36mSub Load (0.1ms)[0m  [1m[34mSELECT  "subs".* FROM "subs" WHERE "subs"."id" = $1 LIMIT $2[0m  [["id", 1], ["LIMIT", 1]]
  ↳ app/controllers/subs_controller.rb:39
  Rendering subs/edit.html.erb within layouts/application
  Rendered subs/edit.html.erb within layouts/application (0.6ms)
Completed 200 OK in 15ms (Views: 13.7ms | ActiveRecord: 0.3ms)


Started PATCH "/users/1/subs/1" for ::1 at 2022-07-11 17:22:16 -0400
Processing by SubsController#update as HTML
  Parameters: {"authenticity_token"=>"NFW4t2XYSkU2gtKuenjRT3aMEhuA5VEdmQhzBWy+YmaEmgdLBHJtZRm1A34nWZ2584vZoICtrvwTffYqFVnLyQ==", "sub"=>{"title"=>"Star Warsadfasd", "description"=>"A long time ago, in a forum far, far away"}, "user_id"=>"1", "id"=>"1"}
  [1m[36mUser Load (0.2ms)[0m  [1m[34mSELECT  "users".* FROM "users" WHERE "users"."session_token" = $1 LIMIT $2[0m  [["session_token", "-nSXOcB6WpHIPanylJn6Cg"], ["LIMIT", 1]]
  ↳ app/controllers/application_controller.rb:7
Redirected to http://localhost:3000/subs
Completed 302 Found in 1ms (ActiveRecord: 0.2ms)


Started GET "/subs" for ::1 at 2022-07-11 17:22:16 -0400
Processing by SubsController#index as HTML
  Rendering subs/index.html.erb within layouts/application
  [1m[36mSub Load (0.3ms)[0m  [1m[34mSELECT "subs".* FROM "subs"[0m
  ↳ app/views/subs/index.html.erb:4
  Rendered subs/index.html.erb within layouts/application (1.2ms)
Completed 200 OK in 16ms (Views: 15.3ms | ActiveRecord: 0.3ms)


Started GET "/subs/1" for ::1 at 2022-07-11 17:22:18 -0400
Processing by SubsController#show as HTML
  Parameters: {"id"=>"1"}
  [1m[36mSub Load (0.2ms)[0m  [1m[34mSELECT  "subs".* FROM "subs" WHERE "subs"."id" = $1 LIMIT $2[0m  [["id", 1], ["LIMIT", 1]]
  ↳ app/controllers/subs_controller.rb:22
  Rendering subs/show.html.erb within layouts/application
  [1m[36mUser Load (0.2ms)[0m  [1m[34mSELECT  "users".* FROM "users" WHERE "users"."id" = $1 LIMIT $2[0m  [["id", 1], ["LIMIT", 1]]
  ↳ app/views/subs/show.html.erb:2
  Rendered subs/show.html.erb within layouts/application (1.9ms)
Completed 200 OK in 20ms (Views: 18.5ms | ActiveRecord: 0.4ms)


Started GET "/subs" for ::1 at 2022-07-11 17:22:42 -0400
Processing by SubsController#index as HTML
  Rendering subs/index.html.erb within layouts/application
  [1m[36mSub Load (0.3ms)[0m  [1m[34mSELECT "subs".* FROM "subs"[0m
  ↳ app/views/subs/index.html.erb:4
  Rendered subs/index.html.erb within layouts/application (1.3ms)
Completed 200 OK in 20ms (Views: 19.2ms | ActiveRecord: 0.3ms)


Started GET "/subs/1" for ::1 at 2022-07-11 17:23:41 -0400
Processing by SubsController#show as HTML
  Parameters: {"id"=>"1"}
  [1m[36mSub Load (0.1ms)[0m  [1m[34mSELECT  "subs".* FROM "subs" WHERE "subs"."id" = $1 LIMIT $2[0m  [["id", 1], ["LIMIT", 1]]
  ↳ app/controllers/subs_controller.rb:22
  Rendering subs/show.html.erb within layouts/application
  [1m[36mUser Load (0.1ms)[0m  [1m[34mSELECT  "users".* FROM "users" WHERE "users"."id" = $1 LIMIT $2[0m  [["id", 1], ["LIMIT", 1]]
  ↳ app/views/subs/show.html.erb:2
  Rendered subs/show.html.erb within layouts/application (9.7ms)
Completed 200 OK in 33ms (Views: 20.0ms | ActiveRecord: 7.2ms)


Started GET "/subs/1/edit" for ::1 at 2022-07-11 17:23:44 -0400
Processing by SubsController#edit as HTML
  Parameters: {"id"=>"1"}
  [1m[36mUser Load (0.2ms)[0m  [1m[34mSELECT  "users".* FROM "users" WHERE "users"."session_token" = $1 LIMIT $2[0m  [["session_token", "-nSXOcB6WpHIPanylJn6Cg"], ["LIMIT", 1]]
  ↳ app/controllers/application_controller.rb:7
  [1m[36mSub Load (0.1ms)[0m  [1m[34mSELECT  "subs".* FROM "subs" WHERE "subs"."id" = $1 LIMIT $2[0m  [["id", 1], ["LIMIT", 1]]
  ↳ app/controllers/subs_controller.rb:39
  Rendering subs/edit.html.erb within layouts/application
  Rendered subs/edit.html.erb within layouts/application (0.6ms)
Completed 200 OK in 25ms (Views: 22.9ms | ActiveRecord: 0.3ms)


Started PATCH "/users/1/subs/1" for ::1 at 2022-07-11 17:23:47 -0400
Processing by SubsController#update as HTML
  Parameters: {"authenticity_token"=>"x1c1l7hdL+N0fsqF4B8ZxJ/3a7Ijk5vtRMHISXAE+V13mIpr2fcIw1tJG1W9PlUyGvCgCSPbZAzOtE1mCeNQ8g==", "sub"=>{"title"=>"Star Wars123", "description"=>"A long time ago, in a forum far, far away"}, "user_id"=>"1", "id"=>"1"}
  [1m[36mUser Load (2.6ms)[0m  [1m[34mSELECT  "users".* FROM "users" WHERE "users"."session_token" = $1 LIMIT $2[0m  [["session_token", "-nSXOcB6WpHIPanylJn6Cg"], ["LIMIT", 1]]
  ↳ app/controllers/application_controller.rb:7
  [1m[36mSub Load (1.2ms)[0m  [1m[34mSELECT  "subs".* FROM "subs" WHERE "subs"."id" = $1 LIMIT $2[0m  [["id", 1], ["LIMIT", 1]]
  ↳ app/controllers/subs_controller.rb:45
  [1m[35m (0.7ms)[0m  [1m[35mBEGIN[0m
  ↳ app/controllers/subs_controller.rb:46
  [1m[36mSub Exists (0.9ms)[0m  [1m[34mSELECT  1 AS one FROM "subs" WHERE "subs"."title" = $1 AND "subs"."id" != $2 LIMIT $3[0m  [["title", "Star Wars123"], ["id", 1], ["LIMIT", 1]]
  ↳ app/controllers/subs_controller.rb:46
  [1m[36mUser Load (0.6ms)[0m  [1m[34mSELECT  "users".* FROM "users" WHERE "users"."id" = $1 LIMIT $2[0m  [["id", 1], ["LIMIT", 1]]
  ↳ app/controllers/subs_controller.rb:46
  [1m[36mSub Update (0.7ms)[0m  [1m[33mUPDATE "subs" SET "title" = $1, "updated_at" = $2 WHERE "subs"."id" = $3[0m  [["title", "Star Wars123"], ["updated_at", "2022-07-11 21:23:47.908310"], ["id", 1]]
  ↳ app/controllers/subs_controller.rb:46
  [1m[35m (0.5ms)[0m  [1m[35mCOMMIT[0m
  ↳ app/controllers/subs_controller.rb:46
Redirected to http://localhost:3000/subs/1
Completed 302 Found in 21ms (ActiveRecord: 7.2ms)


Started GET "/subs/1" for ::1 at 2022-07-11 17:23:47 -0400
Processing by SubsController#show as HTML
  Parameters: {"id"=>"1"}
  [1m[36mSub Load (0.2ms)[0m  [1m[34mSELECT  "subs".* FROM "subs" WHERE "subs"."id" = $1 LIMIT $2[0m  [["id", 1], ["LIMIT", 1]]
  ↳ app/controllers/subs_controller.rb:22
  Rendering subs/show.html.erb within layouts/application
  [1m[36mUser Load (0.2ms)[0m  [1m[34mSELECT  "users".* FROM "users" WHERE "users"."id" = $1 LIMIT $2[0m  [["id", 1], ["LIMIT", 1]]
  ↳ app/views/subs/show.html.erb:2
  Rendered subs/show.html.erb within layouts/application (1.3ms)
Completed 200 OK in 19ms (Views: 17.2ms | ActiveRecord: 0.3ms)


Started GET "/users/1" for ::1 at 2022-07-11 17:24:33 -0400
Processing by UsersController#show as HTML
  Parameters: {"id"=>"1"}
  [1m[36mUser Load (0.2ms)[0m  [1m[34mSELECT  "users".* FROM "users" WHERE "users"."session_token" = $1 LIMIT $2[0m  [["session_token", "-nSXOcB6WpHIPanylJn6Cg"], ["LIMIT", 1]]
  ↳ app/controllers/application_controller.rb:7
  [1m[36mUser Load (0.1ms)[0m  [1m[34mSELECT  "users".* FROM "users" WHERE "users"."id" = $1 LIMIT $2[0m  [["id", 1], ["LIMIT", 1]]
  ↳ app/controllers/users_controller.rb:20
  Rendering users/show.html.erb within layouts/application
  Rendered users/show.html.erb within layouts/application (0.3ms)
Completed 200 OK in 16ms (Views: 13.8ms | ActiveRecord: 0.3ms)


  [1m[35m (0.2ms)[0m  [1m[34mSELECT pg_try_advisory_lock(6711173107426626090)[0m
  ↳ bin/rails:9
  [1m[35m (0.9ms)[0m  [1m[34mSELECT "schema_migrations"."version" FROM "schema_migrations" ORDER BY "schema_migrations"."version" ASC[0m
  ↳ bin/rails:9
Migrating to CreatePosts (20220711212516)
  [1m[35m (0.1ms)[0m  [1m[35mBEGIN[0m
  ↳ bin/rails:9
  [1m[35m (5.4ms)[0m  [1m[35mCREATE TABLE "posts" ("id" bigserial primary key, "title" character varying NOT NULL, "url" character varying, "content" character varying, "author_id" integer, "sub_id" integer, "created_at" timestamp NOT NULL, "updated_at" timestamp NOT NULL)[0m
  ↳ db/migrate/20220711212516_create_posts.rb:3
  [1m[35m (0.9ms)[0m  [1m[35mCREATE  INDEX  "index_posts_on_author_id" ON "posts"  ("author_id")[0m
  ↳ db/migrate/20220711212516_create_posts.rb:12
  [1m[35m (0.7ms)[0m  [1m[35mCREATE  INDEX  "index_posts_on_sub_id" ON "posts"  ("sub_id")[0m
  ↳ db/migrate/20220711212516_create_posts.rb:13
  [1m[36mActiveRecord::SchemaMigration Create (0.3ms)[0m  [1m[32mINSERT INTO "schema_migrations" ("version") VALUES ($1) RETURNING "version"[0m  [["version", "20220711212516"]]
  ↳ bin/rails:9
  [1m[35m (0.5ms)[0m  [1m[35mCOMMIT[0m
  ↳ bin/rails:9
  [1m[36mActiveRecord::InternalMetadata Load (0.3ms)[0m  [1m[34mSELECT  "ar_internal_metadata".* FROM "ar_internal_metadata" WHERE "ar_internal_metadata"."key" = $1 LIMIT $2[0m  [["key", "environment"], ["LIMIT", 1]]
  ↳ bin/rails:9
  [1m[35m (0.1ms)[0m  [1m[35mBEGIN[0m
  ↳ bin/rails:9
  [1m[35m (0.1ms)[0m  [1m[35mCOMMIT[0m
  ↳ bin/rails:9
  [1m[35m (0.1ms)[0m  [1m[34mSELECT pg_advisory_unlock(6711173107426626090)[0m
  ↳ bin/rails:9
  [1m[35m (0.2ms)[0m  [1m[34mSELECT "schema_migrations"."version" FROM "schema_migrations" ORDER BY "schema_migrations"."version" ASC[0m
  ↳ bin/rails:9
